0001   0000             
0002   0000             #define equ .equ
0003   0000             #define end .end
0004   0000             #define db  .db
0005   0000             
0006   0000             LCDCLEAR:    equ 20h
0007   0000             LCDSETXY:    equ 21h
0008   0000             LCDWRITE:    equ 22h
0009   0000             LCDPRINT:    equ 23h
0010   0000             
0011   0000             
0012   0000 3E 20               LD A, LCDCLEAR   ; OUT 1, &H20
0013   0002 D3 01               OUT (1), A
0014   0004             
0015   0004 3E 01               LD A, 1          ; OUT 0, 1
0016   0006 D3 00               OUT (0), A
0017   0008             
0018   0008 3E 21               LD A, LCDSETXY        ; OUT 1, &H21
0019   000A D3 01               OUT (1), A
0020   000C             
0021   000C 3E 04               LD A, 4          ; OUT 0, 4
0022   000E D3 00               OUT (0), A
0023   0010             
0024   0010 3E 01               LD A, 1          ; OUT 0, 1
0025   0012 D3 00               OUT (0), A
0026   0014             
0027   0014 3E 23               LD A, LCDPRINT        ; OUT 1, &H23
0028   0016 D3 01               OUT (1), A
0029   0018             
0030   0018 21 35 00            LD HL, message   ; HL pointe vers la chaîne "HELLO"
0031   001B             loop:
0032   001B 7E                  LD A, (HL)       ; Charger le caractère
0033   001C FE 00               CP 0             ; Fin de chaîne ?
0034   001E 28 06               JR Z, endloop
0035   0020 D3 00               OUT (0), A       ; Envoyer caractère
0036   0022 23                  INC HL           ; Suivant
0037   0023 C3 1B 00            JP loop
0038   0026             
0039   0026             endloop:
0040   0026 3E 00               LD A, 0          ; OUT 0, 0
0041   0028 D3 00               OUT (0), A
0042   002A             
0043   002A 3E 22               LD A, LCDWRITE        ; OUT 1, &H22
0044   002C D3 01               OUT (1), A
0045   002E             
0046   002E 3E 21               LD A, '!'        ; OUT 0, ASC("!")
0047   0030 D3 00               OUT (0), A
0048   0032             
0049   0032 C3 32 00            JP $
0050   0035             
0051   0035             message:
0052   0035 48 45 4C 4C         db	"HELLO", 0    ; Chaîne terminée par 0
0052   0039 4F 00 
0053   003B             
0054   003B             	end
0055   003B             		

ADDR  00 01 02 03 04 05 06 07 08 09 0A 0B 0C 0D 0E 0F
-----------------------------------------------------
0000  3E 20 D3 01 3E 01 D3 00 3E 21 D3 01 3E 04 D3 00
0010  3E 01 D3 00 3E 23 D3 01 21 35 00 7E FE 00 28 06
0020  D3 00 23 C3 1B 00 3E 00 D3 00 3E 22 D3 01 3E 21
0030  D3 00 C3 32 00 48 45 4C 4C 4F 00 00 00 00 00 00


tasm: Number of errors = 0
